VirtualBox XPCOM Server 4.3.40_Ubuntu r110317 linux.amd64 (Mar 15 2019 12:33:50) release log
00:00:00.000672 main     Log opened 2019-09-14T14:59:34.758773000Z
00:00:00.000679 main     Build Type: release
00:00:00.000694 main     OS Product: Linux
00:00:00.000698 main     OS Release: 3.13.0-170-generic
00:00:00.000702 main     OS Version: #220-Ubuntu SMP Thu May 9 12:40:49 UTC 2019
00:00:00.000858 main     DMI Product Name: VirtualBox
00:00:00.000888 main     DMI Product Version: 1.2
00:00:00.001063 main     Host RAM: 489MB total, 338MB available
00:00:00.001078 main     Executable: /usr/lib/virtualbox/VBoxSVC
00:00:00.001080 main     Process ID: 7966
00:00:00.001082 main     Package type: LINUX_64BITS_GENERIC (OSE)
00:00:00.246751 nspr-2   Home directory: '/home/vagrant/.config/VirtualBox'
00:00:00.353522 nspr-2   HostDnsMonitor: old information
00:00:00.353570 nspr-2     no server entries
00:00:00.353592 nspr-2     no search string entries
00:00:00.353607 nspr-2     no domain set
00:00:00.353620 nspr-2   HostDnsMonitor: new information
00:00:00.353633 nspr-2     server 1: 10.0.2.3
00:00:00.353651 nspr-2     no search string entries
00:00:00.353665 nspr-2     no domain set
00:00:00.353687 nspr-2   HostDnsMonitorProxy::notify
00:00:00.402633 nspr-2   VDInit finished
00:00:00.404058 nspr-2   ERROR [COM]: aRC=NS_ERROR_FAILURE (0x80004005) aIID={1254a96a-ae57-4484-946a-22d86c1f98af} aComponent={SystemProperties} aText={Cannot determine default Guest Additions ISO location. Most likely they are not available}, preserve=false
00:00:05.611529 Watcher  ERROR [COM]: aRC=E_ACCESSDENIED (0x80070005) aIID={fafa4e17-1ee2-4905-a10e-fe7c18bf5554} aComponent={VirtualBox} aText={The object is not ready}, preserve=false
